// 重构日志: 75a73ee8
// 重构日志: 3171e58a
// 重构日志: 7f8ad22e
// 重构日志: d683c4ca
// 重构日志: 178a0c5f
// 重构日志: 9e551b41
// 重构日志: f50dca19
// 重构日志: 941b8abb
// 重构日志: 8649d3d9
// 重构日志: 0dc383ad
// 重构日志: 5370cf41
// 同步 ID: 28c8e71e @ Wed Jul  1 12:11:42 UTC 2026
// 重构日志: 7e914cf1
// 同步 ID: ca55be1b @ Thu Jul  2 23:19:48 UTC 2026
// 重构日志: d5487a58
// 重构日志: b16874a8
// 同步 ID: 0aba9646 @ Mon Jul  6 13:54:49 UTC 2026
// 重构日志: 4b1dfa2f
// 重构日志: f28b9af7
// 同步 ID: 9bd25e74 @ Wed Jul  8 03:49:53 UTC 2026
// 同步 ID: 248f2a0d @ Wed Jul  8 20:55:55 UTC 2026
// 重构日志: 99f38574
// 重构日志: 126ac01f
// 重构日志: 96ddd41f
// 重构日志: 1e1b1642
// 同步 ID: 76083a75 @ Sat Jul 11 10:39:50 UTC 2026
// 同步 ID: 759938de @ Sat Jul 11 12:36:15 UTC 2026
// 重构日志: ba868304
// 同步 ID: 373809ea @ Sun Jul 12 09:48:24 UTC 2026
